AARCH64 GAS  Chapter15_2_.s 			page 1


 GNU assembler version 2.35.2 (aarch64-linux-gnu)
	 using BFD version (GNU Binutils for Debian) 2.35.2.
 options passed	: -g -aghlms=obj/Chapter15_2_.lst -march=armv8-a+simd -I. -I../../Include 
 input file    	: Chapter15_2_.s
 output file   	: obj/Chapter15_2_.o
 target        	: aarch64-unknown-linux-gnu
 time stamp    	: 2022-07-26T21:54:06.000-0400

AARCH64 GAS  Chapter15_2_.s 			page 2


   1              	//void packedCompareFloat_(Vec128 x[8], const Vec128& a, const Vec128& b);
   2              	.text
   3              	.global packedCompareFloat_
   4              	packedCompareFloat_:
   5 0000 2178404C 	  ld1 {v1.4s},[x1]
   6 0004 4278404C 	  ld1 {v2.4s},[x2]
   7              	  
   8 0008 20E4224E 	  fcmeq v0.4s,v1.4s,v2.4s 
   9 000c 00789F4C 	  st1  {v0.4s},[x0],16
  10 0010 0058206E 	  not   v0.16b,v0.16b
  11 0014 00789F4C 	  st1  {v0.4s},[x0],16
  12 0018 20E4A26E 	  fcmgt v0.4s,v1.4s,v2.4s
  13 001c 00789F4C 	  st1  {v0.4s},[x0],16
  14 0020 40E4A16E 	  fcmgt v0.4s,v2.4s,v1.4s
  15 0024 00789F4C 	  st1  {v0.4s},[x0],16
  16 0028 20E4226E 	  fcmge v0.4s,v1.4s,v2.4s
  17 002c 00789F4C 	  st1  {v0.4s},[x0],16
  18 0030 40E4216E 	  fcmge v0.4s,v2.4s,v1.4s
  19 0034 00789F4C 	  st1  {v0.4s},[x0],16
  20 0038 20E8A04E 	  fcmlt v0.4s,v1.4s,0.0
  21 003c 00789F4C 	  st1  {v0.4s},[x0],16
  22 0040 20C8A04E 	  fcmgt v0.4s,v1.4s,0.0
  23 0044 00789F4C 	  st1  {v0.4s},[x0],16
  24 0048 C0035FD6 	  ret  
  25              	
  26              	
  27              	
  28              	
  29              	//void packedCompareDouble_(Vec128 x[8], const Vec128& a, const Vec128& b);
  30              	.global packedCompareDouble_
  31              	packedCompareDouble_:
  32 004c 217C404C 	  ld1 {v1.2d},[x1]
  33 0050 427C404C 	  ld1 {v2.2d},[x2]
  34              	  
  35 0054 20E4624E 	  fcmeq v0.2d,v1.2d,v2.2d
  36 0058 007C9F4C 	  st1  {v0.2d},[x0],16  
  37 005c 0058206E 	  not   v0.16b,v0.16b
  38 0060 007C9F4C 	  st1  {v0.2d},[x0],16
  39 0064 20E4E26E 	  fcmgt v0.2d,v1.2d,v2.2d
  40 0068 007C9F4C 	  st1  {v0.2d},[x0],16
  41 006c 40E4E16E 	  fcmgt v0.2d,v2.2d,v1.2d
  42 0070 007C9F4C 	  st1  {v0.2d},[x0],16
  43 0074 20E4626E 	  fcmge v0.2d,v1.2d,v2.2d
  44 0078 007C9F4C 	  st1  {v0.2d},[x0],16
  45 007c 40E4616E 	  fcmge v0.2d,v2.2d,v1.2d
  46 0080 007C9F4C 	  st1  {v0.2d},[x0],16
  47 0084 20E8E04E 	  fcmlt v0.2d,v1.2d,0.0
  48 0088 007C9F4C 	  st1  {v0.2d},[x0],16
  49 008c 20C8E04E 	  fcmgt v0.2d,v1.2d,0.0
  50 0090 007C9F4C 	  st1  {v0.2d},[x0],16
  51 0094 C0035FD6 	  ret 
AARCH64 GAS  Chapter15_2_.s 			page 3


DEFINED SYMBOLS
      Chapter15_2_.s:4      .text:0000000000000000 packedCompareFloat_
      Chapter15_2_.s:5      .text:0000000000000000 $x
      Chapter15_2_.s:31     .text:000000000000004c packedCompareDouble_

NO UNDEFINED SYMBOLS
