AARCH64 GAS  Chapter11_3_.s 			page 1


 GNU assembler version 2.35.2 (aarch64-linux-gnu)
	 using BFD version (GNU Binutils for Debian) 2.35.2.
 options passed	: -g -aghlms=obj/Chapter11_3_.lst -march=armv8-a+simd -I. -I../../Include 
 input file    	: Chapter11_3_.s
 output file   	: obj/Chapter11_3_.o
 target        	: aarch64-unknown-linux-gnu
 time stamp    	: 2022-07-20T00:38:00.000-0400

AARCH64 GAS  Chapter11_3_.s 			page 2


   1              	.text 
   2              	.global CalQuoRemB_
   3              	CalQuoRemB_:
   4 0000 040CC19A 	  sdiv x4,x0,x1
   5 0004 440000F9 	  str x4,[x2]
   6              	
   7 0008 857C019B 	  mul x5,x4,x1    
   8 000c 060005CB 	  sub x6,x0,x5
   9 0010 660000F9 	  str x6,[x3]
  10 0014 C0035FD6 	  ret
  11              	
  12              	.global CalQuoRemA_
  13              	CalQuoRemA_:
  14 0018 040CC11A 	  sdiv w4,w0,w1
  15 001c 440000B9 	  str w4,[x2]
  16              	  
  17 0020 857C011B 	  mul w5,w4,w1
  18 0024 0600054B 	  sub w6,w0,w5
  19 0028 660000B9 	  str w6,[x3]
  20 002c C0035FD6 	  ret
AARCH64 GAS  Chapter11_3_.s 			page 3


DEFINED SYMBOLS
      Chapter11_3_.s:3      .text:0000000000000000 CalQuoRemB_
      Chapter11_3_.s:4      .text:0000000000000000 $x
      Chapter11_3_.s:13     .text:0000000000000018 CalQuoRemA_

NO UNDEFINED SYMBOLS
