AARCH64 GAS  Chapter13_4_.s 			page 1


 GNU assembler version 2.35.2 (aarch64-linux-gnu)
	 using BFD version (GNU Binutils for Debian) 2.35.2.
 options passed	: -g -aghlms=obj/Chapter13_4_.lst -march=armv8-a+simd -I. -I../../Include 
 input file    	: Chapter13_4_.s
 output file   	: obj/Chapter13_4_.o
 target        	: aarch64-unknown-linux-gnu
 time stamp    	: 2022-07-23T14:23:27.000-0400

AARCH64 GAS  Chapter13_4_.s 			page 2


   1              	//extern "C" comapareFloat_(float a,float b,bool* results);
   2              	//"EQ","NE","GT","LT","GE","LE","U0"
   3              	.text
   4              	.global comapareFloat_
   5              	comapareFloat_:
   6 0000 1020211E 	   fcmpe s0,s1
   7              	   
   8 0004 E1179F1A 	   cset  w1,eq
   9 0008 01000039 	   strb  w1,[x0]
  10 000c E1079F1A 	   cset  w1,ne
  11 0010 01040039 	   strb  w1,[x0,1]
  12 0014 E1D79F1A 	   cset  w1,gt
  13 0018 01080039 	   strb  w1,[x0,2]
  14 001c E1579F1A 	   cset  w1,mi
  15 0020 010C0039 	   strb  w1,[x0,3]
  16 0024 E1B79F1A 	   cset  w1,ge
  17 0028 01100039 	   strb  w1,[x0,4]
  18 002c E1879F1A 	   cset  w1,ls
  19 0030 01140039 	   strb  w1,[x0,5]
  20 0034 E1779F1A 	   cset  w1,vs
  21 0038 01180039 	   strb  w1,[x0,6]
  22 003c C0035FD6 	   ret 
AARCH64 GAS  Chapter13_4_.s 			page 3


DEFINED SYMBOLS
      Chapter13_4_.s:5      .text:0000000000000000 comapareFloat_
      Chapter13_4_.s:6      .text:0000000000000000 $x

NO UNDEFINED SYMBOLS
